<?xml version="1.0" encoding="UTF-8"?>
<!-- Generated by org.testng.reporters.JUnitReportReporter -->
<testsuite hostname="RahulK-Tech" failures="0" tests="2" name="com.mystore.testcases.TC_CreateMyAccountPageTest" time="12.116" errors="0" timestamp="2024-10-28T23:01:11 IST" skipped="1">
  <testcase classname="com.mystore.testcases.TC_CreateMyAccountPageTest" name="verifyLogin" time="12.116"/>
  <testcase classname="com.mystore.testcases.TC_CreateMyAccountPageTest" name="verifyRegistrationAndLogin">
    <skipped/>
  </testcase> <!-- verifyRegistrationAndLogin -->
</testsuite> <!-- com.mystore.testcases.TC_CreateMyAccountPageTest -->
