<?xml version="1.0" encoding="UTF-8"?>
<!-- Generated by org.testng.reporters.JUnitReportReporter -->
<testsuite hostname="RahulK-Tech" failures="0" tests="3" name="com.mystore.testcases.TC_ProductPageTest" time="99.022" errors="0" timestamp="2024-11-20T11:30:02 IST" skipped="0">
  <testcase classname="com.mystore.testcases.TC_ProductPageTest" name="verifySearchProduct" time="16.080"/>
  <testcase classname="com.mystore.testcases.TC_ProductPageTest" name="verifyToAddWishlistProduct" time="17.613"/>
  <testcase classname="com.mystore.testcases.TC_ProductPageTest" name="verifyBuyProduct" time="65.329"/>
</testsuite> <!-- com.mystore.testcases.TC_ProductPageTest -->
