<?xml version="1.0" encoding="UTF-8"?>
<!-- Generated by org.testng.reporters.JUnitReportReporter -->
<testsuite hostname="RahulK-Tech" failures="0" tests="3" name="com.mystore.testcases.TC_ProductPageTest" time="93.605" errors="0" timestamp="2024-11-21T14:13:29 IST" skipped="0">
  <testcase classname="com.mystore.testcases.TC_ProductPageTest" name="verifySearchProduct" time="14.044"/>
  <testcase classname="com.mystore.testcases.TC_ProductPageTest" name="verifyBuyProduct" time="59.898"/>
  <testcase classname="com.mystore.testcases.TC_ProductPageTest" name="verifyToAddWishlistProduct" time="19.663"/>
</testsuite> <!-- com.mystore.testcases.TC_ProductPageTest -->
